{"/Users/garba/repos/olx-homework/services/RedisService.js":{"path":"/Users/garba/repos/olx-homework/services/RedisService.js","s":{"1":1,"2":3,"3":3,"4":3,"5":16,"6":16,"7":20,"8":3,"9":17,"10":4,"11":1},"b":{"1":[3,17]},"f":{"1":3,"2":16,"3":20,"4":4},"fnMap":{"1":{"name":"(anonymous_1)","line":7,"loc":{"start":{"line":7,"column":13},"end":{"line":7,"column":29}}},"2":{"name":"(anonymous_2)","line":18,"loc":{"start":{"line":18,"column":5},"end":{"line":18,"column":11}}},"3":{"name":"(anonymous_3)","line":29,"loc":{"start":{"line":29,"column":5},"end":{"line":29,"column":23}}},"4":{"name":"(anonymous_4)","line":37,"loc":{"start":{"line":37,"column":5},"end":{"line":37,"column":11}}}},"statementMap":{"1":{"start":{"line":3,"column":0},"end":{"line":4,"column":33}},"2":{"start":{"line":8,"column":4},"end":{"line":8,"column":39}},"3":{"start":{"line":9,"column":4},"end":{"line":9,"column":55}},"4":{"start":{"line":10,"column":4},"end":{"line":10,"column":49}},"5":{"start":{"line":19,"column":4},"end":{"line":21,"column":6}},"6":{"start":{"line":20,"column":6},"end":{"line":20,"column":18}},"7":{"start":{"line":30,"column":4},"end":{"line":34,"column":5}},"8":{"start":{"line":31,"column":6},"end":{"line":31,"column":45}},"9":{"start":{"line":33,"column":6},"end":{"line":33,"column":34}},"10":{"start":{"line":38,"column":4},"end":{"line":38,"column":25}},"11":{"start":{"line":42,"column":0},"end":{"line":42,"column":30}}},"branchMap":{"1":{"line":30,"type":"if","locations":[{"start":{"line":30,"column":4},"end":{"line":30,"column":4}},{"start":{"line":30,"column":4},"end":{"line":30,"column":4}}]}}},"/Users/garba/repos/olx-homework/server.js":{"path":"/Users/garba/repos/olx-homework/server.js","s":{"1":1,"2":1,"3":1,"4":1,"5":1,"6":1,"7":1,"8":1,"9":1,"10":1,"11":1,"12":1,"13":1,"14":0,"15":1,"16":0,"17":0,"18":1,"19":0,"20":0,"21":1,"22":3,"23":1,"24":8,"25":1,"26":0,"27":1,"28":1,"29":1,"30":0,"31":1,"32":1},"b":{"1":[1,1],"2":[0,1]},"f":{},"fnMap":{},"statementMap":{"1":{"start":{"line":1,"column":0},"end":{"line":2,"column":25}},"2":{"start":{"line":3,"column":2},"end":{"line":3,"column":48}},"3":{"start":{"line":4,"column":2},"end":{"line":4,"column":46}},"4":{"start":{"line":5,"column":2},"end":{"line":5,"column":22}},"5":{"start":{"line":6,"column":2},"end":{"line":6,"column":35}},"6":{"start":{"line":7,"column":2},"end":{"line":7,"column":31}},"7":{"start":{"line":8,"column":2},"end":{"line":8,"column":38}},"8":{"start":{"line":10,"column":0},"end":{"line":13,"column":61}},"9":{"start":{"line":15,"column":0},"end":{"line":15,"column":104}},"10":{"start":{"line":16,"column":0},"end":{"line":16,"column":25}},"11":{"start":{"line":18,"column":0},"end":{"line":18,"column":30}},"12":{"start":{"line":19,"column":0},"end":{"line":19,"column":55}},"13":{"start":{"line":21,"column":0},"end":{"line":23,"column":2}},"14":{"start":{"line":22,"column":2},"end":{"line":22,"column":26}},"15":{"start":{"line":25,"column":0},"end":{"line":29,"column":3}},"16":{"start":{"line":26,"column":2},"end":{"line":26,"column":63}},"17":{"start":{"line":28,"column":2},"end":{"line":28,"column":54}},"18":{"start":{"line":31,"column":0},"end":{"line":35,"column":3}},"19":{"start":{"line":32,"column":2},"end":{"line":32,"column":63}},"20":{"start":{"line":34,"column":2},"end":{"line":34,"column":53}},"21":{"start":{"line":37,"column":0},"end":{"line":37,"column":76}},"22":{"start":{"line":37,"column":40},"end":{"line":37,"column":74}},"23":{"start":{"line":39,"column":0},"end":{"line":39,"column":78}},"24":{"start":{"line":39,"column":43},"end":{"line":39,"column":76}},"25":{"start":{"line":41,"column":0},"end":{"line":43,"column":3}},"26":{"start":{"line":42,"column":2},"end":{"line":42,"column":25}},"27":{"start":{"line":45,"column":0},"end":{"line":50,"column":3}},"28":{"start":{"line":46,"column":2},"end":{"line":49,"column":4}},"29":{"start":{"line":47,"column":4},"end":{"line":47,"column":23}},"30":{"start":{"line":47,"column":13},"end":{"line":47,"column":23}},"31":{"start":{"line":48,"column":4},"end":{"line":48,"column":54}},"32":{"start":{"line":52,"column":2},"end":{"line":52,"column":26}}},"branchMap":{"1":{"line":3,"type":"binary-expr","locations":[{"start":{"line":3,"column":9},"end":{"line":3,"column":39}},{"start":{"line":3,"column":43},"end":{"line":3,"column":47}}]},"2":{"line":47,"type":"if","locations":[{"start":{"line":47,"column":4},"end":{"line":47,"column":4}},{"start":{"line":47,"column":4},"end":{"line":47,"column":4}}]}}},"/Users/garba/repos/olx-homework/config.js":{"path":"/Users/garba/repos/olx-homework/config.js","s":{"1":1,"2":2,"3":1,"4":2,"5":2,"6":1,"7":1,"8":2,"9":2},"b":{"1":[1,1]},"f":{"1":2},"fnMap":{"1":{"name":"getBaseUrl","line":7,"loc":{"start":{"line":7,"column":2},"end":{"line":7,"column":27}}}},"statementMap":{"1":{"start":{"line":1,"column":0},"end":{"line":20,"column":1}},"2":{"start":{"line":2,"column":2},"end":{"line":5,"column":3}},"3":{"start":{"line":7,"column":2},"end":{"line":16,"column":3}},"4":{"start":{"line":8,"column":4},"end":{"line":8,"column":16}},"5":{"start":{"line":9,"column":4},"end":{"line":13,"column":5}},"6":{"start":{"line":10,"column":6},"end":{"line":10,"column":27}},"7":{"start":{"line":12,"column":6},"end":{"line":12,"column":27}},"8":{"start":{"line":15,"column":4},"end":{"line":15,"column":19}},"9":{"start":{"line":19,"column":2},"end":{"line":19,"column":20}}},"branchMap":{"1":{"line":9,"type":"if","locations":[{"start":{"line":9,"column":4},"end":{"line":9,"column":4}},{"start":{"line":9,"column":4},"end":{"line":9,"column":4}}]}}},"/Users/garba/repos/olx-homework/controllers/SearchController.js":{"path":"/Users/garba/repos/olx-homework/controllers/SearchController.js","s":{"1":1,"2":1,"3":3,"4":3,"5":3,"6":2,"7":1,"8":1,"9":15,"10":15,"11":15,"12":1,"13":1,"14":1,"15":1,"16":8,"17":8,"18":8,"19":2,"20":1,"21":1,"22":1,"23":1,"24":6,"25":1},"b":{"1":[2,1],"2":[3,3,1],"3":[2,6],"4":[8,8,6]},"f":{"1":1,"2":3,"3":8},"fnMap":{"1":{"name":"(anonymous_1)","line":4,"loc":{"start":{"line":4,"column":13},"end":{"line":4,"column":43}}},"2":{"name":"(anonymous_2)","line":14,"loc":{"start":{"line":14,"column":11},"end":{"line":14,"column":22}}},"3":{"name":"(anonymous_3)","line":55,"loc":{"start":{"line":55,"column":10},"end":{"line":55,"column":27}}}},"statementMap":{"1":{"start":{"line":5,"column":4},"end":{"line":5,"column":39}},"2":{"start":{"line":6,"column":4},"end":{"line":6,"column":37}},"3":{"start":{"line":15,"column":4},"end":{"line":16,"column":18}},"4":{"start":{"line":18,"column":4},"end":{"line":47,"column":7}},"5":{"start":{"line":19,"column":6},"end":{"line":46,"column":7}},"6":{"start":{"line":21,"column":8},"end":{"line":42,"column":10}},"7":{"start":{"line":22,"column":10},"end":{"line":22,"column":25}},"8":{"start":{"line":23,"column":10},"end":{"line":37,"column":12}},"9":{"start":{"line":24,"column":12},"end":{"line":33,"column":13}},"10":{"start":{"line":35,"column":12},"end":{"line":35,"column":74}},"11":{"start":{"line":36,"column":12},"end":{"line":36,"column":34}},"12":{"start":{"line":38,"column":10},"end":{"line":38,"column":72}},"13":{"start":{"line":39,"column":10},"end":{"line":39,"column":33}},"14":{"start":{"line":41,"column":10},"end":{"line":41,"column":30}},"15":{"start":{"line":45,"column":8},"end":{"line":45,"column":42}},"16":{"start":{"line":56,"column":4},"end":{"line":56,"column":34}},"17":{"start":{"line":58,"column":4},"end":{"line":81,"column":6}},"18":{"start":{"line":59,"column":6},"end":{"line":80,"column":7}},"19":{"start":{"line":62,"column":8},"end":{"line":77,"column":10}},"20":{"start":{"line":63,"column":10},"end":{"line":72,"column":11}},"21":{"start":{"line":73,"column":10},"end":{"line":73,"column":72}},"22":{"start":{"line":74,"column":10},"end":{"line":74,"column":37}},"23":{"start":{"line":76,"column":10},"end":{"line":76,"column":30}},"24":{"start":{"line":79,"column":8},"end":{"line":79,"column":42}},"25":{"start":{"line":85,"column":0},"end":{"line":85,"column":34}}},"branchMap":{"1":{"line":19,"type":"if","locations":[{"start":{"line":19,"column":6},"end":{"line":19,"column":6}},{"start":{"line":19,"column":6},"end":{"line":19,"column":6}}]},"2":{"line":19,"type":"binary-expr","locations":[{"start":{"line":19,"column":10},"end":{"line":19,"column":24}},{"start":{"line":19,"column":28},"end":{"line":19,"column":40}},{"start":{"line":19,"column":44},"end":{"line":19,"column":63}}]},"3":{"line":59,"type":"if","locations":[{"start":{"line":59,"column":6},"end":{"line":59,"column":6}},{"start":{"line":59,"column":6},"end":{"line":59,"column":6}}]},"4":{"line":59,"type":"binary-expr","locations":[{"start":{"line":59,"column":10},"end":{"line":59,"column":24}},{"start":{"line":59,"column":28},"end":{"line":59,"column":40}},{"start":{"line":59,"column":44},"end":{"line":59,"column":63}}]}}},"/Users/garba/repos/olx-homework/services/SearchService.js":{"path":"/Users/garba/repos/olx-homework/services/SearchService.js","s":{"1":1,"2":1,"3":1,"4":2,"5":2,"6":1,"7":1,"8":2,"9":2,"10":2,"11":1,"12":1,"13":2,"14":1},"b":{},"f":{"1":1,"2":2,"3":2},"fnMap":{"1":{"name":"(anonymous_1)","line":7,"loc":{"start":{"line":7,"column":13},"end":{"line":7,"column":29}}},"2":{"name":"(anonymous_2)","line":21,"loc":{"start":{"line":21,"column":8},"end":{"line":21,"column":21}}},"3":{"name":"(anonymous_3)","line":38,"loc":{"start":{"line":38,"column":10},"end":{"line":38,"column":20}}}},"statementMap":{"1":{"start":{"line":3,"column":0},"end":{"line":4,"column":19}},"2":{"start":{"line":8,"column":4},"end":{"line":8,"column":39}},"3":{"start":{"line":9,"column":4},"end":{"line":13,"column":7}},"4":{"start":{"line":22,"column":4},"end":{"line":22,"column":31}},"5":{"start":{"line":24,"column":4},"end":{"line":28,"column":6}},"6":{"start":{"line":25,"column":6},"end":{"line":25,"column":29}},"7":{"start":{"line":27,"column":6},"end":{"line":27,"column":27}},"8":{"start":{"line":30,"column":4},"end":{"line":30,"column":28}},"9":{"start":{"line":39,"column":4},"end":{"line":39,"column":31}},"10":{"start":{"line":40,"column":4},"end":{"line":44,"column":6}},"11":{"start":{"line":41,"column":6},"end":{"line":41,"column":29}},"12":{"start":{"line":43,"column":6},"end":{"line":43,"column":27}},"13":{"start":{"line":46,"column":4},"end":{"line":46,"column":28}},"14":{"start":{"line":50,"column":0},"end":{"line":50,"column":31}}},"branchMap":{}},"/Users/garba/repos/olx-homework/services/RestConnectorService.js":{"path":"/Users/garba/repos/olx-homework/services/RestConnectorService.js","s":{"1":1,"2":0,"3":0,"4":0,"5":0,"6":0,"7":0,"8":0,"9":0,"10":0,"11":0,"12":0,"13":0,"14":0,"15":0,"16":1},"b":{},"f":{"1":1,"2":0,"3":0},"fnMap":{"1":{"name":"(anonymous_1)","line":7,"loc":{"start":{"line":7,"column":13},"end":{"line":7,"column":16}}},"2":{"name":"(anonymous_2)","line":15,"loc":{"start":{"line":15,"column":5},"end":{"line":15,"column":20}}},"3":{"name":"(anonymous_3)","line":31,"loc":{"start":{"line":31,"column":6},"end":{"line":31,"column":21}}}},"statementMap":{"1":{"start":{"line":3,"column":0},"end":{"line":4,"column":19}},"2":{"start":{"line":16,"column":4},"end":{"line":16,"column":31}},"3":{"start":{"line":17,"column":4},"end":{"line":21,"column":53}},"4":{"start":{"line":18,"column":29},"end":{"line":18,"column":49}},"5":{"start":{"line":19,"column":27},"end":{"line":19,"column":47}},"6":{"start":{"line":20,"column":28},"end":{"line":20,"column":48}},"7":{"start":{"line":21,"column":31},"end":{"line":21,"column":51}},"8":{"start":{"line":23,"column":4},"end":{"line":23,"column":28}},"9":{"start":{"line":32,"column":4},"end":{"line":32,"column":31}},"10":{"start":{"line":33,"column":4},"end":{"line":37,"column":53}},"11":{"start":{"line":34,"column":29},"end":{"line":34,"column":49}},"12":{"start":{"line":35,"column":27},"end":{"line":35,"column":47}},"13":{"start":{"line":36,"column":28},"end":{"line":36,"column":48}},"14":{"start":{"line":37,"column":31},"end":{"line":37,"column":51}},"15":{"start":{"line":39,"column":4},"end":{"line":39,"column":28}},"16":{"start":{"line":43,"column":0},"end":{"line":43,"column":38}}},"branchMap":{}}}