TN:
SF:/Users/garba/repos/olx-homework/services/RedisService.js
FN:7,(anonymous_1)
FN:18,(anonymous_2)
FN:29,(anonymous_3)
FN:37,(anonymous_4)
FNF:4
FNH:4
FNDA:3,(anonymous_1)
FNDA:16,(anonymous_2)
FNDA:20,(anonymous_3)
FNDA:4,(anonymous_4)
DA:3,1
DA:8,3
DA:9,3
DA:10,3
DA:19,16
DA:20,16
DA:30,20
DA:31,3
DA:33,17
DA:38,4
DA:42,1
LF:11
LH:11
BRDA:30,1,0,3
BRDA:30,1,1,17
BRF:2
BRH:2
end_of_record
TN:
SF:/Users/garba/repos/olx-homework/server.js
FNF:0
FNH:0
DA:1,1
DA:3,1
DA:4,1
DA:5,1
DA:6,1
DA:7,1
DA:8,1
DA:10,1
DA:15,1
DA:16,1
DA:18,1
DA:19,1
DA:21,1
DA:22,0
DA:25,1
DA:26,0
DA:28,0
DA:31,1
DA:32,0
DA:34,0
DA:37,3
DA:39,8
DA:41,1
DA:42,0
DA:45,1
DA:46,1
DA:47,1
DA:48,1
DA:52,1
LF:29
LH:23
BRDA:3,1,0,1
BRDA:3,1,1,1
BRDA:47,2,0,0
BRDA:47,2,1,1
BRF:4
BRH:3
end_of_record
TN:
SF:/Users/garba/repos/olx-homework/config.js
FN:7,getBaseUrl
FNF:1
FNH:1
FNDA:2,getBaseUrl
DA:1,1
DA:2,2
DA:7,1
DA:8,2
DA:9,2
DA:10,1
DA:12,1
DA:15,2
DA:19,2
LF:9
LH:9
BRDA:9,1,0,1
BRDA:9,1,1,1
BRF:2
BRH:2
end_of_record
TN:
SF:/Users/garba/repos/olx-homework/controllers/SearchController.js
FN:4,(anonymous_1)
FN:14,(anonymous_2)
FN:55,(anonymous_3)
FNF:3
FNH:3
FNDA:1,(anonymous_1)
FNDA:3,(anonymous_2)
FNDA:8,(anonymous_3)
DA:5,1
DA:6,1
DA:15,3
DA:18,3
DA:19,3
DA:21,2
DA:22,1
DA:23,1
DA:24,15
DA:35,15
DA:36,15
DA:38,1
DA:39,1
DA:41,1
DA:45,1
DA:56,8
DA:58,8
DA:59,8
DA:62,2
DA:63,1
DA:73,1
DA:74,1
DA:76,1
DA:79,6
DA:85,1
LF:25
LH:25
BRDA:19,1,0,2
BRDA:19,1,1,1
BRDA:19,2,0,3
BRDA:19,2,1,3
BRDA:19,2,2,1
BRDA:59,3,0,2
BRDA:59,3,1,6
BRDA:59,4,0,8
BRDA:59,4,1,8
BRDA:59,4,2,6
BRF:10
BRH:10
end_of_record
TN:
SF:/Users/garba/repos/olx-homework/services/SearchService.js
FN:7,(anonymous_1)
FN:21,(anonymous_2)
FN:38,(anonymous_3)
FNF:3
FNH:3
FNDA:1,(anonymous_1)
FNDA:2,(anonymous_2)
FNDA:2,(anonymous_3)
DA:3,1
DA:8,1
DA:9,1
DA:22,2
DA:24,2
DA:25,1
DA:27,1
DA:30,2
DA:39,2
DA:40,2
DA:41,1
DA:43,1
DA:46,2
DA:50,1
LF:14
LH:14
BRF:0
BRH:0
end_of_record
TN:
SF:/Users/garba/repos/olx-homework/services/RestConnectorService.js
FN:7,(anonymous_1)
FN:15,(anonymous_2)
FN:31,(anonymous_3)
FNF:3
FNH:1
FNDA:1,(anonymous_1)
FNDA:0,(anonymous_2)
FNDA:0,(anonymous_3)
DA:3,1
DA:16,0
DA:17,0
DA:18,0
DA:19,0
DA:20,0
DA:21,0
DA:23,0
DA:32,0
DA:33,0
DA:34,0
DA:35,0
DA:36,0
DA:37,0
DA:39,0
DA:43,1
LF:16
LH:2
BRF:0
BRH:0
end_of_record
